[debug] [2026-03-03T04:27:47.050Z] ----------------------------------------------------------------------
[debug] [2026-03-03T04:27:47.052Z] Command:       /Users/alex/.nvm/versions/node/v22.16.0/bin/node /Users/alex/.nvm/versions/node/v22.16.0/bin/firebase emulators:start
[debug] [2026-03-03T04:27:47.053Z] CLI Version:   15.8.0
[debug] [2026-03-03T04:27:47.053Z] Platform:      darwin
[debug] [2026-03-03T04:27:47.053Z] Node Version:  v22.16.0
[debug] [2026-03-03T04:27:47.053Z] Time:          Mon Mar 02 2026 23:27:47 GMT-0500 (Eastern Standard Time)
[debug] [2026-03-03T04:27:47.053Z] ----------------------------------------------------------------------
[debug] 
[debug] [2026-03-03T04:27:48.345Z] > command requires scopes: ["email","openid","https://www.googleapis.com/auth/cloudplatformprojects.readonly","https://www.googleapis.com/auth/firebase","https://www.googleapis.com/auth/cloud-platform"]
[debug] [2026-03-03T04:27:48.345Z] > authorizing via signed-in user (alexbmoreira@gmail.com)
[info] i  emulators: Starting emulators: functions, hosting, extensions {"metadata":{"emulator":{"name":"hub"},"message":"Starting emulators: functions, hosting, extensions"}}
[debug] [2026-03-03T04:27:48.348Z] Checked if tokens are valid: false, expires at: 1681491457865
[debug] [2026-03-03T04:27:48.348Z] Checked if tokens are valid: false, expires at: 1681491457865
[debug] [2026-03-03T04:27:48.349Z] > refreshing access token with scopes: []
[debug] [2026-03-03T04:27:48.350Z] >>> [apiv2][query] POST https://www.googleapis.com/oauth2/v3/token [none]
[debug] [2026-03-03T04:27:48.351Z] >>> [apiv2][body] POST https://www.googleapis.com/oauth2/v3/token [omitted]
[debug] [2026-03-03T04:27:48.466Z] <<< [apiv2][status] POST https://www.googleapis.com/oauth2/v3/token 400
[debug] [2026-03-03T04:27:48.466Z] <<< [apiv2][body] POST https://www.googleapis.com/oauth2/v3/token [omitted]
[debug] [2026-03-03T04:27:48.466Z] >>> [apiv2][query] GET https://serviceusage.googleapis.com/v1/projects/cookbook-13/services/cloudresourcemanager.googleapis.com [none]
[debug] [2026-03-03T04:27:48.466Z] >>> [apiv2][(partial)header] GET https://serviceusage.googleapis.com/v1/projects/cookbook-13/services/cloudresourcemanager.googleapis.com  x-goog-user-project=cookbook-13
[debug] [2026-03-03T04:27:48.648Z] <<< [apiv2][status] GET https://serviceusage.googleapis.com/v1/projects/cookbook-13/services/cloudresourcemanager.googleapis.com 401
[debug] [2026-03-03T04:27:48.648Z] <<< [apiv2][body] GET https://serviceusage.googleapis.com/v1/projects/cookbook-13/services/cloudresourcemanager.googleapis.com [omitted]
[debug] [2026-03-03T04:27:48.648Z] Got a 401 Unauthenticated error for a call that required authentication. Refreshing tokens.
[debug] [2026-03-03T04:27:48.648Z] Checked if tokens are valid: false, expires at: 1681491457865
[debug] [2026-03-03T04:27:48.648Z] Checked if tokens are valid: false, expires at: 1681491457865
[debug] [2026-03-03T04:27:48.648Z] > refreshing access token with scopes: []
[debug] [2026-03-03T04:27:48.649Z] >>> [apiv2][query] POST https://www.googleapis.com/oauth2/v3/token [none]
[debug] [2026-03-03T04:27:48.649Z] >>> [apiv2][body] POST https://www.googleapis.com/oauth2/v3/token [omitted]
[debug] [2026-03-03T04:27:48.718Z] <<< [apiv2][status] POST https://www.googleapis.com/oauth2/v3/token 400
[debug] [2026-03-03T04:27:48.718Z] <<< [apiv2][body] POST https://www.googleapis.com/oauth2/v3/token [omitted]
[debug] [2026-03-03T04:27:48.718Z] Unable to check that https://cloudresourcemanager.googleapis.com is enabled on cookbook-13. Calls to it will fail if it is not enabled
[debug] [2026-03-03T04:27:48.718Z] Checked if tokens are valid: false, expires at: 1681491457865
[debug] [2026-03-03T04:27:48.718Z] Checked if tokens are valid: false, expires at: 1681491457865
[debug] [2026-03-03T04:27:48.719Z] > refreshing access token with scopes: []
[debug] [2026-03-03T04:27:48.719Z] >>> [apiv2][query] POST https://www.googleapis.com/oauth2/v3/token [none]
[debug] [2026-03-03T04:27:48.719Z] >>> [apiv2][body] POST https://www.googleapis.com/oauth2/v3/token [omitted]
[debug] [2026-03-03T04:27:48.794Z] <<< [apiv2][status] POST https://www.googleapis.com/oauth2/v3/token 400
[debug] [2026-03-03T04:27:48.794Z] <<< [apiv2][body] POST https://www.googleapis.com/oauth2/v3/token [omitted]
[debug] [2026-03-03T04:27:48.794Z] >>> [apiv2][query] GET https://cloudresourcemanager.googleapis.com/v1/projects/cookbook-13 [none]
[debug] [2026-03-03T04:27:48.978Z] <<< [apiv2][status] GET https://cloudresourcemanager.googleapis.com/v1/projects/cookbook-13 401
[debug] [2026-03-03T04:27:48.978Z] <<< [apiv2][body] GET https://cloudresourcemanager.googleapis.com/v1/projects/cookbook-13 {"error":{"code":401,"message":"Request had invalid authentication credentials. Expected OAuth 2 access token, login cookie or other valid authentication credential. See https://developers.google.com/identity/sign-in/web/devconsole-project.","status":"UNAUTHENTICATED","details":[{"@type":"type.googleapis.com/google.rpc.ErrorInfo","reason":"ACCESS_TOKEN_TYPE_UNSUPPORTED","metadata":{"method":"google.cloudresourcemanager.v1.Projects.GetProject","service":"cloudresourcemanager.googleapis.com"}}]}}
[debug] [2026-03-03T04:27:48.978Z] Got a 401 Unauthenticated error for a call that required authentication. Refreshing tokens.
[debug] [2026-03-03T04:27:48.978Z] Checked if tokens are valid: false, expires at: 1681491457865
[debug] [2026-03-03T04:27:48.978Z] Checked if tokens are valid: false, expires at: 1681491457865
[debug] [2026-03-03T04:27:48.978Z] > refreshing access token with scopes: []
[debug] [2026-03-03T04:27:48.978Z] >>> [apiv2][query] POST https://www.googleapis.com/oauth2/v3/token [none]
[debug] [2026-03-03T04:27:48.979Z] >>> [apiv2][body] POST https://www.googleapis.com/oauth2/v3/token [omitted]
[debug] [2026-03-03T04:27:49.036Z] <<< [apiv2][status] POST https://www.googleapis.com/oauth2/v3/token 400
[debug] [2026-03-03T04:27:49.036Z] <<< [apiv2][body] POST https://www.googleapis.com/oauth2/v3/token [omitted]
[error] ⬢  extensions: Unable to look up project number for cookbook-13.
 If this is a real project, ensure that you are logged in and have access to it.
 If this is a fake project, please use a project ID starting with 'demo-' to skip production calls.
 Continuing with a fake project number - secrets and other features that require production access may behave unexpectedly. {"metadata":{"emulator":{"name":"extensions"},"message":"Unable to look up project number for cookbook-13.\n If this is a real project, ensure that you are logged in and have access to it.\n If this is a fake project, please use a project ID starting with 'demo-' to skip production calls.\n Continuing with a fake project number - secrets and other features that require production access may behave unexpectedly."}}
[debug] [2026-03-03T04:27:49.991Z] [logging] Logging Emulator only supports listening on one address (127.0.0.1). Not listening on ::1
[debug] [2026-03-03T04:27:49.991Z] [hosting] Hosting Emulator only supports listening on one address (127.0.0.1). Not listening on ::1
[debug] [2026-03-03T04:27:49.991Z] assigned listening specs for emulators {"user":{"hub":[{"address":"127.0.0.1","family":"IPv4","port":4400},{"address":"::1","family":"IPv6","port":4400}],"ui":[{"address":"127.0.0.1","family":"IPv4","port":4000},{"address":"::1","family":"IPv6","port":4000}],"logging":[{"address":"127.0.0.1","family":"IPv4","port":4500}],"hosting":[{"address":"127.0.0.1","family":"IPv4","port":5000}]},"metadata":{"message":"assigned listening specs for emulators"}}
[debug] [2026-03-03T04:27:49.997Z] Write emulator hub locator at /var/folders/g8/pzv8tvqs10j8qyh7pj700xd40000gn/T/hub-cookbook-13.json
[debug] [2026-03-03T04:27:50.003Z] [Extensions] Started Extensions emulator, this is a noop.
[debug] [2026-03-03T04:27:50.734Z] [functions] Functions Emulator only supports listening on one address (127.0.0.1). Not listening on ::1
[debug] [2026-03-03T04:27:50.734Z] [eventarc] Eventarc Emulator only supports listening on one address (127.0.0.1). Not listening on ::1
[debug] [2026-03-03T04:27:50.734Z] [tasks] Cloud Tasks Emulator only supports listening on one address (127.0.0.1). Not listening on ::1
[debug] [2026-03-03T04:27:50.734Z] late-assigned ports for functions and eventarc emulators {"user":{"hub":[{"address":"127.0.0.1","family":"IPv4","port":4400},{"address":"::1","family":"IPv6","port":4400}],"ui":[{"address":"127.0.0.1","family":"IPv4","port":4000},{"address":"::1","family":"IPv6","port":4000}],"logging":[{"address":"127.0.0.1","family":"IPv4","port":4500}],"hosting":[{"address":"127.0.0.1","family":"IPv4","port":5000}],"functions":[{"address":"127.0.0.1","family":"IPv4","port":5001}],"eventarc":[{"address":"127.0.0.1","family":"IPv4","port":9299}],"tasks":[{"address":"127.0.0.1","family":"IPv4","port":9499}]},"metadata":{"message":"late-assigned ports for functions and eventarc emulators"}}
[warn] ⚠  functions: The following emulators are not running, calls to these services from the Functions emulator will affect production: apphosting, auth, firestore, database, pubsub, storage, dataconnect {"metadata":{"emulator":{"name":"functions"},"message":"The following emulators are not running, calls to these services from the Functions emulator will affect production: \u001b[1mapphosting, auth, firestore, database, pubsub, storage, dataconnect\u001b[22m"}}
[debug] [2026-03-03T04:27:50.743Z] defaultcredentials: writing to file /Users/alex/.config/firebase/alexbmoreira_gmail_com_application_default_credentials.json
[debug] [2026-03-03T04:27:50.746Z] Setting GAC to /Users/alex/.config/firebase/alexbmoreira_gmail_com_application_default_credentials.json {"metadata":{"emulator":{"name":"functions"},"message":"Setting GAC to /Users/alex/.config/firebase/alexbmoreira_gmail_com_application_default_credentials.json"}}
[debug] [2026-03-03T04:27:50.746Z] Checked if tokens are valid: false, expires at: 1681491457865
[debug] [2026-03-03T04:27:50.746Z] Checked if tokens are valid: false, expires at: 1681491457865
[debug] [2026-03-03T04:27:50.746Z] > refreshing access token with scopes: []
[debug] [2026-03-03T04:27:50.747Z] >>> [apiv2][query] POST https://www.googleapis.com/oauth2/v3/token [none]
[debug] [2026-03-03T04:27:50.747Z] >>> [apiv2][body] POST https://www.googleapis.com/oauth2/v3/token [omitted]
[debug] [2026-03-03T04:27:50.837Z] <<< [apiv2][status] POST https://www.googleapis.com/oauth2/v3/token 400
[debug] [2026-03-03T04:27:50.837Z] <<< [apiv2][body] POST https://www.googleapis.com/oauth2/v3/token [omitted]
[debug] [2026-03-03T04:27:50.837Z] >>> [apiv2][query] GET https://firebase.googleapis.com/v1beta1/projects/cookbook-13/adminSdkConfig [none]
[debug] [2026-03-03T04:27:51.011Z] <<< [apiv2][status] GET https://firebase.googleapis.com/v1beta1/projects/cookbook-13/adminSdkConfig 401
[debug] [2026-03-03T04:27:51.011Z] <<< [apiv2][body] GET https://firebase.googleapis.com/v1beta1/projects/cookbook-13/adminSdkConfig {"error":{"code":401,"message":"Request had invalid authentication credentials. Expected OAuth 2 access token, login cookie or other valid authentication credential. See https://developers.google.com/identity/sign-in/web/devconsole-project.","status":"UNAUTHENTICATED"}}
[debug] [2026-03-03T04:27:51.011Z] Got a 401 Unauthenticated error for a call that required authentication. Refreshing tokens.
[debug] [2026-03-03T04:27:51.011Z] Checked if tokens are valid: false, expires at: 1681491457865
[debug] [2026-03-03T04:27:51.011Z] Checked if tokens are valid: false, expires at: 1681491457865
[debug] [2026-03-03T04:27:51.011Z] > refreshing access token with scopes: []
[debug] [2026-03-03T04:27:51.011Z] >>> [apiv2][query] POST https://www.googleapis.com/oauth2/v3/token [none]
[debug] [2026-03-03T04:27:51.011Z] >>> [apiv2][body] POST https://www.googleapis.com/oauth2/v3/token [omitted]
[debug] [2026-03-03T04:27:51.070Z] <<< [apiv2][status] POST https://www.googleapis.com/oauth2/v3/token 400
[debug] [2026-03-03T04:27:51.070Z] <<< [apiv2][body] POST https://www.googleapis.com/oauth2/v3/token [omitted]
[debug] [2026-03-03T04:27:51.071Z] Failed to get Admin SDK config for cookbook-13, falling back to cache Failed to get Admin SDK for Firebase project cookbook-13. Please make sure the project exists and your account has permission to access it. {"name":"FirebaseError","children":[],"exit":2,"message":"Failed to get Admin SDK for Firebase project cookbook-13. Please make sure the project exists and your account has permission to access it.","original":{"name":"FirebaseError","children":[],"context":{"body":{"error":{"code":401,"message":"Request had invalid authentication credentials. Expected OAuth 2 access token, login cookie or other valid authentication credential. See https://developers.google.com/identity/sign-in/web/devconsole-project.","status":"UNAUTHENTICATED"}},"response":{"statusCode":401}},"exit":1,"message":"Request to https://firebase.googleapis.com/v1beta1/projects/cookbook-13/adminSdkConfig had HTTP Error: 401, Request had invalid authentication credentials. Expected OAuth 2 access token, login cookie or other valid authentication credential. See https://developers.google.com/identity/sign-in/web/devconsole-project.","status":401},"status":500}
[warn] ⚠  functions: Unable to fetch project Admin SDK configuration, Admin SDK behavior in Cloud Functions emulator may be incorrect. {"metadata":{"emulator":{"name":"functions"},"message":"Unable to fetch project Admin SDK configuration, Admin SDK behavior in Cloud Functions emulator may be incorrect."}}
[debug] [2026-03-03T04:27:51.077Z] Checked if tokens are valid: false, expires at: 1681491457865
[debug] [2026-03-03T04:27:51.077Z] Checked if tokens are valid: false, expires at: 1681491457865
[debug] [2026-03-03T04:27:51.077Z] > refreshing access token with scopes: []
[debug] [2026-03-03T04:27:51.078Z] >>> [apiv2][query] POST https://www.googleapis.com/oauth2/v3/token [none]
[debug] [2026-03-03T04:27:51.078Z] >>> [apiv2][body] POST https://www.googleapis.com/oauth2/v3/token [omitted]
[debug] [2026-03-03T04:27:51.131Z] <<< [apiv2][status] POST https://www.googleapis.com/oauth2/v3/token 400
[debug] [2026-03-03T04:27:51.131Z] <<< [apiv2][body] POST https://www.googleapis.com/oauth2/v3/token [omitted]
[debug] [2026-03-03T04:27:51.132Z] >>> [apiv2][query] GET https://firebasehosting.googleapis.com/v1beta1/projects/cookbook-13/sites 
[debug] [2026-03-03T04:27:51.362Z] <<< [apiv2][status] GET https://firebasehosting.googleapis.com/v1beta1/projects/cookbook-13/sites 401
[debug] [2026-03-03T04:27:51.362Z] <<< [apiv2][body] GET https://firebasehosting.googleapis.com/v1beta1/projects/cookbook-13/sites {"error":{"code":401,"message":"Request had invalid authentication credentials. Expected OAuth 2 access token, login cookie or other valid authentication credential. See https://developers.google.com/identity/sign-in/web/devconsole-project.","status":"UNAUTHENTICATED"}}
[debug] [2026-03-03T04:27:51.362Z] Got a 401 Unauthenticated error for a call that required authentication. Refreshing tokens.
[debug] [2026-03-03T04:27:51.362Z] Checked if tokens are valid: false, expires at: 1681491457865
[debug] [2026-03-03T04:27:51.362Z] Checked if tokens are valid: false, expires at: 1681491457865
[debug] [2026-03-03T04:27:51.362Z] > refreshing access token with scopes: []
[debug] [2026-03-03T04:27:51.363Z] >>> [apiv2][query] POST https://www.googleapis.com/oauth2/v3/token [none]
[debug] [2026-03-03T04:27:51.363Z] >>> [apiv2][body] POST https://www.googleapis.com/oauth2/v3/token [omitted]
[debug] [2026-03-03T04:27:51.427Z] <<< [apiv2][status] POST https://www.googleapis.com/oauth2/v3/token 400
[debug] [2026-03-03T04:27:51.427Z] <<< [apiv2][body] POST https://www.googleapis.com/oauth2/v3/token [omitted]
[debug] [2026-03-03T04:27:51.427Z] Failed to list hosting sites
[debug] Request to https://firebasehosting.googleapis.com/v1beta1/projects/cookbook-13/sites had HTTP Error: 401, Request had invalid authentication credentials. Expected OAuth 2 access token, login cookie or other valid authentication credential. See https://developers.google.com/identity/sign-in/web/devconsole-project.
[debug] [2026-03-03T04:27:51.428Z] Checked if tokens are valid: false, expires at: 1681491457865
[debug] [2026-03-03T04:27:51.428Z] Checked if tokens are valid: false, expires at: 1681491457865
[debug] [2026-03-03T04:27:51.428Z] > refreshing access token with scopes: []
[debug] [2026-03-03T04:27:51.428Z] >>> [apiv2][query] POST https://www.googleapis.com/oauth2/v3/token [none]
[debug] [2026-03-03T04:27:51.428Z] >>> [apiv2][body] POST https://www.googleapis.com/oauth2/v3/token [omitted]
[debug] [2026-03-03T04:27:51.494Z] <<< [apiv2][status] POST https://www.googleapis.com/oauth2/v3/token 400
[debug] [2026-03-03T04:27:51.494Z] <<< [apiv2][body] POST https://www.googleapis.com/oauth2/v3/token [omitted]
[debug] [2026-03-03T04:27:51.494Z] >>> [apiv2][query] GET https://firebase.googleapis.com/v1beta1/projects/cookbook-13/webApps/-/config [none]
[debug] [2026-03-03T04:27:51.544Z] <<< [apiv2][status] GET https://firebase.googleapis.com/v1beta1/projects/cookbook-13/webApps/-/config 401
[debug] [2026-03-03T04:27:51.544Z] <<< [apiv2][body] GET https://firebase.googleapis.com/v1beta1/projects/cookbook-13/webApps/-/config {"error":{"code":401,"message":"Request had invalid authentication credentials. Expected OAuth 2 access token, login cookie or other valid authentication credential. See https://developers.google.com/identity/sign-in/web/devconsole-project.","status":"UNAUTHENTICATED"}}
[debug] [2026-03-03T04:27:51.544Z] Got a 401 Unauthenticated error for a call that required authentication. Refreshing tokens.
[debug] [2026-03-03T04:27:51.544Z] Checked if tokens are valid: false, expires at: 1681491457865
[debug] [2026-03-03T04:27:51.545Z] Checked if tokens are valid: false, expires at: 1681491457865
[debug] [2026-03-03T04:27:51.545Z] > refreshing access token with scopes: []
[debug] [2026-03-03T04:27:51.545Z] >>> [apiv2][query] POST https://www.googleapis.com/oauth2/v3/token [none]
[debug] [2026-03-03T04:27:51.545Z] >>> [apiv2][body] POST https://www.googleapis.com/oauth2/v3/token [omitted]
[debug] [2026-03-03T04:27:51.608Z] <<< [apiv2][status] POST https://www.googleapis.com/oauth2/v3/token 400
[debug] [2026-03-03T04:27:51.608Z] <<< [apiv2][body] POST https://www.googleapis.com/oauth2/v3/token [omitted]
[debug] [2026-03-03T04:27:51.608Z] fetchWebSetup error: FirebaseError: Request to https://firebase.googleapis.com/v1beta1/projects/cookbook-13/webApps/-/config had HTTP Error: 401, Request had invalid authentication credentials. Expected OAuth 2 access token, login cookie or other valid authentication credential. See https://developers.google.com/identity/sign-in/web/devconsole-project.
[warn] ⚠  hosting: Could not fetch web app configuration and there is no cached configuration on this machine. Check your internet connection and make sure you are authenticated. To continue, you must call firebase.initializeApp({...}) in your code before using Firebase. 
[debug] [2026-03-03T04:27:51.610Z] Checked if tokens are valid: false, expires at: 1681491457865
[debug] [2026-03-03T04:27:51.611Z] Checked if tokens are valid: false, expires at: 1681491457865
[debug] [2026-03-03T04:27:51.611Z] > refreshing access token with scopes: []
[debug] [2026-03-03T04:27:51.611Z] >>> [apiv2][query] POST https://www.googleapis.com/oauth2/v3/token [none]
[debug] [2026-03-03T04:27:51.611Z] >>> [apiv2][body] POST https://www.googleapis.com/oauth2/v3/token [omitted]
[debug] [2026-03-03T04:27:51.673Z] <<< [apiv2][status] POST https://www.googleapis.com/oauth2/v3/token 400
[debug] [2026-03-03T04:27:51.673Z] <<< [apiv2][body] POST https://www.googleapis.com/oauth2/v3/token [omitted]
[debug] [2026-03-03T04:27:51.674Z] >>> [apiv2][query] GET https://firebase.googleapis.com/v1beta1/projects/cookbook-13 [none]
[debug] [2026-03-03T04:27:51.819Z] <<< [apiv2][status] GET https://firebase.googleapis.com/v1beta1/projects/cookbook-13 401
[debug] [2026-03-03T04:27:51.819Z] <<< [apiv2][body] GET https://firebase.googleapis.com/v1beta1/projects/cookbook-13 {"error":{"code":401,"message":"Request had invalid authentication credentials. Expected OAuth 2 access token, login cookie or other valid authentication credential. See https://developers.google.com/identity/sign-in/web/devconsole-project.","status":"UNAUTHENTICATED"}}
[debug] [2026-03-03T04:27:51.819Z] Got a 401 Unauthenticated error for a call that required authentication. Refreshing tokens.
[debug] [2026-03-03T04:27:51.819Z] Checked if tokens are valid: false, expires at: 1681491457865
[debug] [2026-03-03T04:27:51.819Z] Checked if tokens are valid: false, expires at: 1681491457865
[debug] [2026-03-03T04:27:51.819Z] > refreshing access token with scopes: []
[debug] [2026-03-03T04:27:51.819Z] >>> [apiv2][query] POST https://www.googleapis.com/oauth2/v3/token [none]
[debug] [2026-03-03T04:27:51.819Z] >>> [apiv2][body] POST https://www.googleapis.com/oauth2/v3/token [omitted]
[debug] [2026-03-03T04:27:51.877Z] <<< [apiv2][status] POST https://www.googleapis.com/oauth2/v3/token 400
[debug] [2026-03-03T04:27:51.877Z] <<< [apiv2][body] POST https://www.googleapis.com/oauth2/v3/token [omitted]
[debug] [2026-03-03T04:27:51.877Z] Request to https://firebase.googleapis.com/v1beta1/projects/cookbook-13 had HTTP Error: 401, Request had invalid authentication credentials. Expected OAuth 2 access token, login cookie or other valid authentication credential. See https://developers.google.com/identity/sign-in/web/devconsole-project.
[info] i  hosting[cookbook-13]: Serving hosting files from: dist {"metadata":{"emulator":{"name":"hosting"},"message":"Serving hosting files from: \u001b[1mdist\u001b[22m"}}
[info] ✔  hosting[cookbook-13]: Local server: http://127.0.0.1:5000 {"metadata":{"emulator":{"name":"hosting"},"message":"Local server: \u001b[4m\u001b[1mhttp://127.0.0.1:5000\u001b[22m\u001b[24m"}}
[debug] [2026-03-03T04:27:52.032Z] [Extensions] Connecting Extensions emulator, this is a noop.
[info] i  functions: Watching "/Users/alex/Projects/cookbook-site/client/functions" for Cloud Functions... {"metadata":{"emulator":{"name":"functions"},"message":"Watching \"/Users/alex/Projects/cookbook-site/client/functions\" for Cloud Functions..."}}
[debug] [2026-03-03T04:27:52.036Z] Validating nodejs source
[warn] ⚠  functions: package.json indicates an outdated version of firebase-functions. Please upgrade using npm install --save firebase-functions@latest in your functions directory. 
[warn] ⚠  functions: Please note that there will be breaking changes when you upgrade. 
[debug] [2026-03-03T04:27:52.650Z] > [functions] package.json contents: {
  "name": "cookbook-ssr",
  "description": "SSR Cloud Function for recipe meta tags and schema.org data",
  "engines": {
    "node": "22"
  },
  "main": "index.js",
  "dependencies": {
    "cheerio": "^1.0.0",
    "firebase-functions": "^4.9.0",
    "node-fetch": "^2.7.0"
  },
  "private": true
}
[debug] [2026-03-03T04:27:52.651Z] Building nodejs source
[debug] [2026-03-03T04:27:52.651Z] Failed to find version of module node: reached end of search path /Users/alex/Projects/cookbook-site/client/functions/node_modules
[info] ✔  functions: Using node@22 from host. 
[info] i  functions: Loaded environment variables from .env. 
[info] i  functions: You are using a version of firebase-functions SDK (4.9.0) that does not have support for the newest Firebase Extensions features. Please update firebase-functions SDK to >=5.1.0 to use them correctly 
[debug] [2026-03-03T04:27:52.654Z] Could not find functions.yaml. Must use http discovery
[debug] [2026-03-03T04:27:52.665Z] Found firebase-functions binary at '/Users/alex/Projects/cookbook-site/client/functions/node_modules/.bin/firebase-functions'
[info] Serving at port 8248

[debug] [2026-03-03T04:27:53.128Z] Got response from /__/functions.yaml {"endpoints":{"ssrRecipe":{"platform":"gcfv1","availableMemoryMb":null,"timeoutSeconds":null,"minInstances":null,"maxInstances":null,"ingressSettings":null,"serviceAccountEmail":null,"vpc":null,"httpsTrigger":{},"entryPoint":"ssrRecipe"}},"specVersion":"v1alpha1","requiredAPIs":[]}
[info] ✔  functions: Loaded functions definitions from source: ssrRecipe. {"metadata":{"emulator":{"name":"functions"},"message":"Loaded functions definitions from source: ssrRecipe."}}
[info] ✔  functions[us-central1-ssrRecipe]: http function initialized (http://127.0.0.1:5001/cookbook-13/us-central1/ssrRecipe). {"metadata":{"emulator":{"name":"functions"},"message":"\u001b[1mhttp\u001b[22m function initialized (http://127.0.0.1:5001/cookbook-13/us-central1/ssrRecipe)."}}
[debug] [2026-03-03T04:27:57.163Z] Could not find VSCode notification endpoint: FetchError: request to http://localhost:40001/vscode/notify failed, reason: . If you are not running the Firebase Data Connect VSCode extension, this is expected and not an issue.
[info] 
┌─────────────────────────────────────────────────────────────┐
│ ✔  All emulators ready! It is now safe to connect your app. │
│ i  View Emulator UI at http://127.0.0.1:4000/               │
└─────────────────────────────────────────────────────────────┘

┌────────────┬────────────────┬──────────────────────────────────┐
│ Emulator   │ Host:Port      │ View in Emulator UI              │
├────────────┼────────────────┼──────────────────────────────────┤
│ Functions  │ 127.0.0.1:5001 │ http://127.0.0.1:4000/functions  │
├────────────┼────────────────┼──────────────────────────────────┤
│ Hosting    │ 127.0.0.1:5000 │ n/a                              │
├────────────┼────────────────┼──────────────────────────────────┤
│ Extensions │ 127.0.0.1:5001 │ http://127.0.0.1:4000/extensions │
└────────────┴────────────────┴──────────────────────────────────┘
  Emulator Hub host: 127.0.0.1 port: 4400
  Other reserved ports: 4500
┌─────────────────────────┬───────────────┬─────────────────────┐
│ Extension Instance Name │ Extension Ref │ View in Emulator UI │
└─────────────────────────┴───────────────┴─────────────────────┘
Issues? Report them at https://github.com/firebase/firebase-tools/issues and attach the *-debug.log files.
 
[info] [hosting] Rewriting /recipes/milk-and-cookies to http://127.0.0.1:5001/cookbook-13/us-central1/ssrRecipe for local Function us-central1/ssrRecipe
[debug] [2026-03-03T04:27:59.668Z] >>> [apiv2][query] GET http://127.0.0.1:5001/cookbook-13/us-central1/ssrRecipe/recipes/milk-and-cookies 
[debug] [2026-03-03T04:27:59.672Z] [work-queue] {"queuedWork":["/cookbook-13/us-central1/ssrRecipe/recipes/milk-and-cookies-2026-03-03T04:27:59.671Z"],"queueLength":1,"runningWork":[],"workRunningCount":0}
[debug] [2026-03-03T04:27:59.672Z] [work-queue] {"queuedWork":[],"queueLength":0,"runningWork":["/cookbook-13/us-central1/ssrRecipe/recipes/milk-and-cookies-2026-03-03T04:27:59.671Z"],"workRunningCount":1}
[debug] [2026-03-03T04:27:59.672Z] Accepted request GET /cookbook-13/us-central1/ssrRecipe/recipes/milk-and-cookies --> us-central1-ssrRecipe
[debug] [2026-03-03T04:27:59.673Z] [functions] Runtime ready! Sending request! {"metadata":{"emulator":{"name":"functions"},"message":"[functions] Runtime ready! Sending request!"}}
[debug] [2026-03-03T04:27:59.673Z] [functions] Got req.url=/cookbook-13/us-central1/ssrRecipe/recipes/milk-and-cookies, mapping to path=/recipes/milk-and-cookies {"metadata":{"emulator":{"name":"functions"},"message":"[functions] Got req.url=/cookbook-13/us-central1/ssrRecipe/recipes/milk-and-cookies, mapping to path=/recipes/milk-and-cookies"}}
[info] i  functions: Loaded environment variables from .env. 
[debug] [2026-03-03T04:27:59.677Z] [worker-pool] addWorker(us-central1-ssrRecipe) {"metadata":{"emulator":{"name":"functions"},"message":"[worker-pool] addWorker(us-central1-ssrRecipe)"}}
[debug] [2026-03-03T04:27:59.678Z] [worker-pool] Adding worker with key us-central1-ssrRecipe, total=1 {"metadata":{"emulator":{"name":"functions"},"message":"[worker-pool] Adding worker with key us-central1-ssrRecipe, total=1"}}
[warn] ⚠  The Cloud Functions emulator requires the module "firebase-admin" to be installed as a dependency. To fix this, run "npm install --save firebase-admin" in your functions directory. {"metadata":{"emulator":{"name":"functions"},"function":{"name":"us-central1-ssrRecipe"},"extension":{},"message":"The Cloud Functions emulator requires the module \"firebase-admin\" to be installed as a dependency. To fix this, run \"npm install --save firebase-admin\" in your functions directory."}}
[info] i  functions: Your functions could not be parsed due to an issue with your node_modules (see above) {"metadata":{"emulator":{"name":"functions"},"function":{"name":"us-central1-ssrRecipe"},"extension":{},"message":"Your functions could not be parsed due to an issue with your node_modules (see above)"}}
[debug] [2026-03-03T04:28:00.598Z] [runtime-status] [67906] Functions runtime initialized. {"cwd":"/Users/alex/Projects/cookbook-site/client/functions","node_version":"22.16.0"} {"metadata":{"emulator":{"name":"functions"},"function":{"name":"us-central1-ssrRecipe"},"extension":{},"message":"[runtime-status] [67906] Functions runtime initialized. {\"cwd\":\"/Users/alex/Projects/cookbook-site/client/functions\",\"node_version\":\"22.16.0\"}"}}
[debug] [2026-03-03T04:28:00.598Z] [runtime-status] [67906] Listening to port: /var/folders/g8/pzv8tvqs10j8qyh7pj700xd40000gn/T/fire_emu_9d3aeddd6efcb822.sock {"metadata":{"emulator":{"name":"functions"},"function":{"name":"us-central1-ssrRecipe"},"extension":{},"message":"[runtime-status] [67906] Listening to port: /var/folders/g8/pzv8tvqs10j8qyh7pj700xd40000gn/T/fire_emu_9d3aeddd6efcb822.sock"}}
[debug] [2026-03-03T04:28:00.698Z] [worker-us-central1-ssrRecipe-8c0a4210-f389-40ea-b27a-21583dd9220d]: IDLE {"metadata":{"emulator":{"name":"functions"},"function":{"name":"us-central1-ssrRecipe"},"extension":{},"message":"[worker-us-central1-ssrRecipe-8c0a4210-f389-40ea-b27a-21583dd9220d]: IDLE"}}
[debug] [2026-03-03T04:28:00.698Z] [worker-pool] submitRequest(triggerId=us-central1-ssrRecipe) {"metadata":{"emulator":{"name":"functions"},"message":"[worker-pool] submitRequest(triggerId=us-central1-ssrRecipe)"}}
[info] i  functions: Beginning execution of "us-central1-ssrRecipe" {"metadata":{"emulator":{"name":"functions"},"function":{"name":"us-central1-ssrRecipe"},"extension":{},"message":"Beginning execution of \"us-central1-ssrRecipe\""}}
[debug] [2026-03-03T04:28:00.698Z] [worker-us-central1-ssrRecipe-8c0a4210-f389-40ea-b27a-21583dd9220d]: BUSY {"metadata":{"emulator":{"name":"functions"},"function":{"name":"us-central1-ssrRecipe"},"extension":{},"message":"[worker-us-central1-ssrRecipe-8c0a4210-f389-40ea-b27a-21583dd9220d]: BUSY"}}
[debug] [2026-03-03T04:28:00.779Z] Finishing up request with event=pause {"metadata":{"emulator":{"name":"functions"},"function":{"name":"us-central1-ssrRecipe"},"extension":{},"message":"Finishing up request with event=pause"}}
[info] i  functions: Finished "us-central1-ssrRecipe" in 80.528809ms {"metadata":{"emulator":{"name":"functions"},"function":{"name":"us-central1-ssrRecipe"},"extension":{},"message":"Finished \"us-central1-ssrRecipe\" in 80.528809ms"}}
[debug] [2026-03-03T04:28:00.779Z] [worker-us-central1-ssrRecipe-8c0a4210-f389-40ea-b27a-21583dd9220d]: IDLE {"metadata":{"emulator":{"name":"functions"},"function":{"name":"us-central1-ssrRecipe"},"extension":{},"message":"[worker-us-central1-ssrRecipe-8c0a4210-f389-40ea-b27a-21583dd9220d]: IDLE"}}
[debug] [2026-03-03T04:28:00.779Z] Finishing up request with event=finish {"metadata":{"emulator":{"name":"functions"},"function":{"name":"us-central1-ssrRecipe"},"extension":{},"message":"Finishing up request with event=finish"}}
[debug] [2026-03-03T04:28:00.779Z] Finishing up request with event=close {"metadata":{"emulator":{"name":"functions"},"function":{"name":"us-central1-ssrRecipe"},"extension":{},"message":"Finishing up request with event=close"}}
[debug] [2026-03-03T04:28:00.779Z] [work-queue] {"queuedWork":[],"queueLength":0,"runningWork":[],"workRunningCount":0}
[debug] [2026-03-03T04:28:00.780Z] <<< [apiv2][status] GET http://127.0.0.1:5001/cookbook-13/us-central1/ssrRecipe/recipes/milk-and-cookies 200
[debug] [2026-03-03T04:28:00.780Z] <<< [apiv2][body] GET http://127.0.0.1:5001/cookbook-13/us-central1/ssrRecipe/recipes/milk-and-cookies [stream]
[info] i  hosting: 127.0.0.1 - - [03/Mar/2026:04:28:00 +0000] "GET /recipes/milk-and-cookies HTTP/1.1" 200 1572 "-" "curl/8.7.1" {"metadata":{"emulator":{"name":"hosting"},"message":"127.0.0.1 - - [03/Mar/2026:04:28:00 +0000] \"GET /recipes/milk-and-cookies HTTP/1.1\" 200 1572 \"-\" \"curl/8.7.1\""}}
